2025-12-16T17:31:01.552-03:00  INFO 28180 --- [tools] [main] br.com.api.qa.tools.ToolsApplication     : Starting ToolsApplication using Java 17.0.17 with PID 28180 (K:\spring-projects\tools\target\classes started by kaios in K:\spring-projects\tools)
2025-12-16T17:31:01.562-03:00  INFO 28180 --- [tools] [main] br.com.api.qa.tools.ToolsApplication     : No active profile set, falling back to 1 default profile: "default"
2025-12-16T17:31:02.313-03:00  INFO 28180 --- [tools] [main] .s.d.r.c.RepositoryConfigurationDelegate : Bootstrapping Spring Data JPA repositories in DEFAULT mode.
2025-12-16T17:31:02.386-03:00  INFO 28180 --- [tools] [main] .s.d.r.c.RepositoryConfigurationDelegate : Finished Spring Data repository scanning in 60 ms. Found 1 JPA repository interface.
2025-12-16T17:31:03.094-03:00  INFO 28180 --- [tools] [main] o.s.b.w.embedded.tomcat.TomcatWebServer  : Tomcat initialized with port 8080 (http)
2025-12-16T17:31:03.111-03:00  INFO 28180 --- [tools] [main] o.apache.catalina.core.StandardService   : Starting service [Tomcat]
2025-12-16T17:31:03.112-03:00  INFO 28180 --- [tools] [main] o.apache.catalina.core.StandardEngine    : Starting Servlet engine: [Apache Tomcat/10.1.30]
2025-12-16T17:31:03.196-03:00  INFO 28180 --- [tools] [main] o.a.c.c.C.[Tomcat].[localhost].[/]       : Initializing Spring embedded WebApplicationContext
2025-12-16T17:31:03.196-03:00  INFO 28180 --- [tools] [main] w.s.c.ServletWebServerApplicationContext : Root WebApplicationContext: initialization completed in 1582 ms
2025-12-16T17:31:03.464-03:00  INFO 28180 --- [tools] [main] com.zaxxer.hikari.HikariDataSource       : HikariPool-1 - Starting...
2025-12-16T17:31:03.691-03:00  INFO 28180 --- [tools] [main] com.zaxxer.hikari.pool.HikariPool        : HikariPool-1 - Added connection conn0: url=jdbc:h2:file:./data/qadb user=SA
2025-12-16T17:31:03.692-03:00  INFO 28180 --- [tools] [main] com.zaxxer.hikari.HikariDataSource       : HikariPool-1 - Start completed.
2025-12-16T17:31:03.715-03:00  INFO 28180 --- [tools] [main] o.f.c.i.resource.ResourceNameValidator   : 1 SQL migrations were detected but not run because they did not follow the filename convention.
2025-12-16T17:31:03.716-03:00  INFO 28180 --- [tools] [main] o.f.c.i.resource.ResourceNameValidator   : Set 'validateMigrationNaming' to true to fail fast and see a list of the invalid file names.
2025-12-16T17:31:03.746-03:00  INFO 28180 --- [tools] [main] org.flywaydb.core.FlywayExecutor         : Database: jdbc:h2:file:./data/qadb (H2 2.2)
2025-12-16T17:31:03.752-03:00  WARN 28180 --- [tools] [main] o.f.c.internal.database.base.Database    : Flyway upgrade recommended: H2 2.2.224 is newer than this version of Flyway and support has not been tested. The latest supported version of H2 is 2.2.220.
2025-12-16T17:31:03.824-03:00  INFO 28180 --- [tools] [main] o.f.core.internal.command.DbValidate     : Successfully validated 4 migrations (execution time 00:00.062s)
2025-12-16T17:31:03.833-03:00  INFO 28180 --- [tools] [main] o.f.core.internal.command.DbMigrate      : Current version of schema "PUBLIC": 4
2025-12-16T17:31:03.837-03:00  INFO 28180 --- [tools] [main] o.f.core.internal.command.DbMigrate      : Schema "PUBLIC" is up to date. No migration necessary.
2025-12-16T17:31:03.941-03:00  INFO 28180 --- [tools] [main] o.hibernate.jpa.internal.util.LogHelper  : HHH000204: Processing PersistenceUnitInfo [name: default]
2025-12-16T17:31:04.023-03:00  INFO 28180 --- [tools] [main] org.hibernate.Version                    : HHH000412: Hibernate ORM core version 6.5.3.Final
2025-12-16T17:31:04.068-03:00  INFO 28180 --- [tools] [main] o.h.c.internal.RegionFactoryInitiator    : HHH000026: Second-level cache disabled
2025-12-16T17:31:04.436-03:00  INFO 28180 --- [tools] [main] o.s.o.j.p.SpringPersistenceUnitInfo      : No LoadTimeWeaver setup: ignoring JPA class transformer
2025-12-16T17:31:04.497-03:00  WARN 28180 --- [tools] [main] org.hibernate.orm.deprecation            : HHH90000025: H2Dialect does not need to be specified explicitly using 'hibernate.dialect' (remove the property setting and it will be selected by default)
2025-12-16T17:31:05.194-03:00  INFO 28180 --- [tools] [main] o.h.e.t.j.p.i.JtaPlatformInitiator       : HHH000489: No JTA platform available (set 'hibernate.transaction.jta.platform' to enable JTA platform integration)
2025-12-16T17:31:05.196-03:00  INFO 28180 --- [tools] [main] j.LocalContainerEntityManagerFactoryBean : Initialized JPA EntityManagerFactory for persistence unit 'default'
2025-12-16T17:31:05.496-03:00  INFO 28180 --- [tools] [main] o.s.d.j.r.query.QueryEnhancerFactory     : Hibernate is in classpath; If applicable, HQL parser will be used.
2025-12-16T17:31:05.893-03:00  WARN 28180 --- [tools] [main] JpaBaseConfiguration$JpaWebConfiguration : spring.jpa.open-in-view is enabled by default. Therefore, database queries may be performed during view rendering. Explicitly configure spring.jpa.open-in-view to disable this warning
2025-12-16T17:31:06.273-03:00  INFO 28180 --- [tools] [main] o.s.b.w.embedded.tomcat.TomcatWebServer  : Tomcat started on port 8080 (http) with context path '/'
2025-12-16T17:31:06.282-03:00  INFO 28180 --- [tools] [main] br.com.api.qa.tools.ToolsApplication     : Started ToolsApplication in 5.131 seconds (process running for 5.416)
2025-12-16T17:49:51.503-03:00  INFO 30068 --- [tools] [main] br.com.api.qa.tools.ToolsApplication     : Starting ToolsApplication using Java 17.0.17 with PID 30068 (K:\spring-projects\tools\target\classes started by kaios in K:\spring-projects\tools)
2025-12-16T17:49:51.507-03:00  INFO 30068 --- [tools] [main] br.com.api.qa.tools.ToolsApplication     : No active profile set, falling back to 1 default profile: "default"
2025-12-16T17:49:52.182-03:00  INFO 30068 --- [tools] [main] .s.d.r.c.RepositoryConfigurationDelegate : Bootstrapping Spring Data JPA repositories in DEFAULT mode.
2025-12-16T17:49:52.251-03:00  INFO 30068 --- [tools] [main] .s.d.r.c.RepositoryConfigurationDelegate : Finished Spring Data repository scanning in 58 ms. Found 1 JPA repository interface.
2025-12-16T17:49:52.896-03:00  INFO 30068 --- [tools] [main] o.s.b.w.embedded.tomcat.TomcatWebServer  : Tomcat initialized with port 8080 (http)
2025-12-16T17:49:52.909-03:00  INFO 30068 --- [tools] [main] o.apache.catalina.core.StandardService   : Starting service [Tomcat]
2025-12-16T17:49:52.909-03:00  INFO 30068 --- [tools] [main] o.apache.catalina.core.StandardEngine    : Starting Servlet engine: [Apache Tomcat/10.1.30]
2025-12-16T17:49:52.982-03:00  INFO 30068 --- [tools] [main] o.a.c.c.C.[Tomcat].[localhost].[/]       : Initializing Spring embedded WebApplicationContext
2025-12-16T17:49:52.983-03:00  INFO 30068 --- [tools] [main] w.s.c.ServletWebServerApplicationContext : Root WebApplicationContext: initialization completed in 1426 ms
2025-12-16T17:49:53.206-03:00  INFO 30068 --- [tools] [main] com.zaxxer.hikari.HikariDataSource       : HikariPool-1 - Starting...
2025-12-16T17:49:53.391-03:00  INFO 30068 --- [tools] [main] com.zaxxer.hikari.pool.HikariPool        : HikariPool-1 - Added connection conn0: url=jdbc:h2:file:./data/qadb user=SA
2025-12-16T17:49:53.393-03:00  INFO 30068 --- [tools] [main] com.zaxxer.hikari.HikariDataSource       : HikariPool-1 - Start completed.
2025-12-16T17:49:53.445-03:00  INFO 30068 --- [tools] [main] org.flywaydb.core.FlywayExecutor         : Database: jdbc:h2:file:./data/qadb (H2 2.2)
2025-12-16T17:49:53.449-03:00  WARN 30068 --- [tools] [main] o.f.c.internal.database.base.Database    : Flyway upgrade recommended: H2 2.2.224 is newer than this version of Flyway and support has not been tested. The latest supported version of H2 is 2.2.220.
2025-12-16T17:49:53.487-03:00  INFO 30068 --- [tools] [main] o.f.core.internal.command.DbValidate     : Successfully validated 5 migrations (execution time 00:00.028s)
2025-12-16T17:49:53.499-03:00  INFO 30068 --- [tools] [main] o.f.core.internal.command.DbMigrate      : Current version of schema "PUBLIC": 4
2025-12-16T17:49:53.509-03:00  INFO 30068 --- [tools] [main] o.f.core.internal.command.DbMigrate      : Migrating schema "PUBLIC" to version "5 - add col message result"
2025-12-16T17:49:53.543-03:00  INFO 30068 --- [tools] [main] o.f.core.internal.command.DbMigrate      : Successfully applied 1 migration to schema "PUBLIC", now at version v5 (execution time 00:00.019s)
2025-12-16T17:49:53.628-03:00  INFO 30068 --- [tools] [main] o.hibernate.jpa.internal.util.LogHelper  : HHH000204: Processing PersistenceUnitInfo [name: default]
2025-12-16T17:49:53.681-03:00  INFO 30068 --- [tools] [main] org.hibernate.Version                    : HHH000412: Hibernate ORM core version 6.5.3.Final
2025-12-16T17:49:53.722-03:00  INFO 30068 --- [tools] [main] o.h.c.internal.RegionFactoryInitiator    : HHH000026: Second-level cache disabled
2025-12-16T17:49:54.005-03:00  INFO 30068 --- [tools] [main] o.s.o.j.p.SpringPersistenceUnitInfo      : No LoadTimeWeaver setup: ignoring JPA class transformer
2025-12-16T17:49:54.055-03:00  WARN 30068 --- [tools] [main] org.hibernate.orm.deprecation            : HHH90000025: H2Dialect does not need to be specified explicitly using 'hibernate.dialect' (remove the property setting and it will be selected by default)
2025-12-16T17:49:54.695-03:00  INFO 30068 --- [tools] [main] o.h.e.t.j.p.i.JtaPlatformInitiator       : HHH000489: No JTA platform available (set 'hibernate.transaction.jta.platform' to enable JTA platform integration)
2025-12-16T17:49:54.698-03:00  INFO 30068 --- [tools] [main] j.LocalContainerEntityManagerFactoryBean : Initialized JPA EntityManagerFactory for persistence unit 'default'
2025-12-16T17:49:54.938-03:00  INFO 30068 --- [tools] [main] o.s.d.j.r.query.QueryEnhancerFactory     : Hibernate is in classpath; If applicable, HQL parser will be used.
2025-12-16T17:49:55.297-03:00  WARN 30068 --- [tools] [main] JpaBaseConfiguration$JpaWebConfiguration : spring.jpa.open-in-view is enabled by default. Therefore, database queries may be performed during view rendering. Explicitly configure spring.jpa.open-in-view to disable this warning
2025-12-16T17:49:55.649-03:00  INFO 30068 --- [tools] [main] o.s.b.w.embedded.tomcat.TomcatWebServer  : Tomcat started on port 8080 (http) with context path '/'
2025-12-16T17:49:55.660-03:00  INFO 30068 --- [tools] [main] br.com.api.qa.tools.ToolsApplication     : Started ToolsApplication in 4.583 seconds (process running for 4.894)
2025-12-16T17:50:00.702-03:00  INFO 30068 --- [tools] [SpringApplicationShutdownHook] j.LocalContainerEntityManagerFactoryBean : Closing JPA EntityManagerFactory for persistence unit 'default'
2025-12-16T17:50:00.704-03:00  INFO 30068 --- [tools] [SpringApplicationShutdownHook] com.zaxxer.hikari.HikariDataSource       : HikariPool-1 - Shutdown initiated...
2025-12-16T17:50:00.706-03:00  INFO 30068 --- [tools] [SpringApplicationShutdownHook] com.zaxxer.hikari.HikariDataSource       : HikariPool-1 - Shutdown completed.
